0 info it worked if it ends with ok
1 verbose cli [ '/usr/local/Cellar/node/7.2.0/bin/node',
1 verbose cli   '/usr/local/bin/npm',
1 verbose cli   'start' ]
2 info using npm@3.10.9
3 info using node@v7.2.0
4 verbose run-script [ 'prestart', 'start', 'poststart' ]
5 info lifecycle TRI_demo@1.0.0~prestart: TRI_demo@1.0.0
6 silly lifecycle TRI_demo@1.0.0~prestart: no script for prestart, continuing
7 info lifecycle TRI_demo@1.0.0~start: TRI_demo@1.0.0
8 verbose lifecycle TRI_demo@1.0.0~start: unsafe-perm in lifecycle true
9 verbose lifecycle TRI_demo@1.0.0~start: PATH: /usr/local/lib/node_modules/npm/bin/node-gyp-bin:/Users/mayuan-mabuchi/Clouds/CloudStation/@laboratory/projects/TRI/programs/TRI_demo/node_modules/.bin:/usr/local/Cellar/node/7.2.0/bin:/LIBRARY/TEX/texbin:/usr/local/bin:/usr/bin:/bin:/usr/sbin:/sbin:/opt/X11/bin:/Library/TeX/texbin
10 verbose lifecycle TRI_demo@1.0.0~start: CWD: /Users/mayuan-mabuchi/Clouds/CloudStation/@laboratory/projects/TRI/programs/TRI_demo
11 silly lifecycle TRI_demo@1.0.0~start: Args: [ '-c', 'electron .' ]
12 info lifecycle TRI_demo@1.0.0~start: Failed to exec start script
13 verbose stack Error: TRI_demo@1.0.0 start: `electron .`
13 verbose stack spawn ENOENT
13 verbose stack     at ChildProcess.<anonymous> (/usr/local/lib/node_modules/npm/lib/utils/spawn.js:33:16)
13 verbose stack     at emitTwo (events.js:106:13)
13 verbose stack     at ChildProcess.emit (events.js:191:7)
13 verbose stack     at maybeClose (internal/child_process.js:885:16)
13 verbose stack     at Process.ChildProcess._handle.onexit (internal/child_process.js:226:5)
14 verbose pkgid TRI_demo@1.0.0
15 verbose cwd /Users/mayuan-mabuchi/Clouds/CloudStation/@laboratory/projects/TRI/programs/TRI_demo
16 error Darwin 16.5.0
17 error argv "/usr/local/Cellar/node/7.2.0/bin/node" "/usr/local/bin/npm" "start"
18 error node v7.2.0
19 error npm  v3.10.9
20 error file sh
21 error code ELIFECYCLE
22 error errno ENOENT
23 error syscall spawn
24 error TRI_demo@1.0.0 start: `electron .`
24 error spawn ENOENT
25 error Failed at the TRI_demo@1.0.0 start script 'electron .'.
25 error Make sure you have the latest version of node.js and npm installed.
25 error If you do, this is most likely a problem with the TRI_demo package,
25 error not with npm itself.
25 error Tell the author that this fails on your system:
25 error     electron .
25 error You can get information on how to open an issue for this project with:
25 error     npm bugs TRI_demo
25 error Or if that isn't available, you can get their info via:
25 error     npm owner ls TRI_demo
25 error There is likely additional logging output above.
26 verbose exit [ 1, true ]
